<?xml version="1.0" encoding="UTF-8"?>
<!-- Generated by org.testng.reporters.JUnitReportReporter -->
<testsuite skipped="1" hostname="WL363338" name="testClasses.TicketBookingTest" tests="2" failures="0" timestamp="2021-02-24T12:44:52 IST" time="39.067" errors="0">
  <testcase name="checkFlights" time="39.067" classname="testClasses.TicketBookingTest"/>
  <testcase name="testTestCase" classname="testClasses.TicketBookingTest">
    <skipped/>
  </testcase> <!-- testTestCase -->
</testsuite> <!-- testClasses.TicketBookingTest -->
