<?xml version="1.0" encoding="UTF-8"?>
<!-- Generated by org.testng.reporters.JUnitReportReporter -->
<testsuite skipped="0" hostname="WL363338" name="testClasses.SpiceScreenTest" tests="1" failures="0" timestamp="2021-02-25T17:44:13 IST" time="17.321" errors="0">
  <testcase name="openFacebookPage" time="17.321" classname="testClasses.SpiceScreenTest"/>
</testsuite> <!-- testClasses.SpiceScreenTest -->
