<?xml version="1.0" encoding="UTF-8"?>
<!-- Generated by org.testng.reporters.JUnitReportReporter -->
<testsuite skipped="0" hostname="WL363338" name="testClasses.SpiceScreenTest" tests="1" failures="0" timestamp="2021-02-25T11:25:32 IST" time="18.672" errors="0">
  <testcase name="openFacebookPage" time="18.672" classname="testClasses.SpiceScreenTest"/>
</testsuite> <!-- testClasses.SpiceScreenTest -->
