<?xml version="1.0" encoding="UTF-8"?>
<!-- Generated by org.testng.reporters.JUnitReportReporter -->
<testsuite skipped="1" hostname="WL363338" name="testClasses.TicketBookingTest" tests="2" failures="0" timestamp="2021-02-25T11:22:29 IST" time="34.731" errors="0">
  <testcase name="checkFlights" time="34.731" classname="testClasses.TicketBookingTest"/>
  <system-out/>
  <testcase name="testTestCase" classname="testClasses.TicketBookingTest">
    <skipped/>
  </testcase> <!-- testTestCase -->
  <system-out/>
</testsuite> <!-- testClasses.TicketBookingTest -->
