<?xml version="1.0" encoding="UTF-8"?>
<!-- Generated by org.testng.reporters.JUnitReportReporter -->
<testsuite skipped="0" hostname="WL363338" name="testClasses.TicketBookingTest" tests="2" failures="0" timestamp="2021-02-28T12:00:34 IST" time="59.415" errors="0">
  <testcase name="checkFlights" time="35.722" classname="testClasses.TicketBookingTest"/>
  <system-out/>
  <testcase name="testTestCase" time="23.693" classname="testClasses.TicketBookingTest"/>
  <system-out/>
</testsuite> <!-- testClasses.TicketBookingTest -->
