<?xml version="1.0" encoding="UTF-8"?>
<!-- Generated by org.testng.reporters.JUnitReportReporter -->
<testsuite skipped="0" hostname="WL363338" name="testClasses.SpiceScreenTest" tests="1" failures="0" timestamp="2021-02-25T11:22:29 IST" time="21.370" errors="0">
  <testcase name="openFacebookPage" time="21.370" classname="testClasses.SpiceScreenTest"/>
  <system-out/>
</testsuite> <!-- testClasses.SpiceScreenTest -->
